<?xml version="1.0" encoding="UTF-8"?>
<!-- Generated by org.testng.reporters.JUnitReportReporter -->
<testsuite skipped="0" hostname="DESKTOP-K5A3HG7" name="practice.DataProviderPracticeTest" tests="3" failures="0" timestamp="23 Dec 2021 16:56:58 GMT" time="0.022" errors="0">
  <testcase name="readDataFromDataProviderTest" time="0.003" classname="practice.DataProviderPracticeTest"/>
  <testcase name="readDataFromDataProviderTest" time="0.016" classname="practice.DataProviderPracticeTest"/>
  <testcase name="readDataFromDataProviderTest" time="0.003" classname="practice.DataProviderPracticeTest"/>
</testsuite> <!-- practice.DataProviderPracticeTest -->
